<?xml version="1.0" encoding="UTF-8"?>
<!-- Generated by org.testng.reporters.JUnitReportReporter -->
<testsuite hostname="LAPTOP-EEUIV508" failures="0" tests="1" name="Runners.Run" time="0.078" errors="0" timestamp="2023-02-01T00:57:40 CET" skipped="0">
  <testcase classname="Runners.Run" name="runScenario" time="0.078"/>
  <system-out/>
</testsuite> <!-- Runners.Run -->
